# JRE version: OpenJDK Runtime Environment Temurin-11.0.12+7 (11.0.12+7) (build 11.0.12+7)
# Java VM: OpenJDK 64-Bit Server VM Temurin-11.0.12+7 (11.0.12+7, mixed mode, tiered, compressed oops, parallel gc, windows-amd64)
Heap:
 PSYoungGen      total 121856K, used 27017K [0x00000000eab00000, 0x00000000f5a80000, 0x0000000100000000)
  eden space 64000K, 42% used [0x00000000eab00000,0x00000000ec562550,0x00000000ee980000)
  from space 57856K, 0% used [0x00000000f2200000,0x00000000f2200000,0x00000000f5a80000)
  to   space 57856K, 0% used [0x00000000ee980000,0x00000000ee980000,0x00000000f2200000)
 ParOldGen       total 475136K, used 338191K [0x00000000c0000000, 0x00000000dd000000, 0x00000000eab00000)
  object space 475136K, 71% used [0x00000000c0000000,0x00000000d4a43f60,0x00000000dd000000)
 Metaspace       used 57774K, capacity 60392K, committed 60692K, reserved 1103872K
  class space    used 5602K, capacity 6641K, committed 6744K, reserved 1048576K
GC Heap History (20 events):
Event: 59.573 GC heap before
{Heap before GC invocations=79 (full 7):
 PSYoungGen      total 42496K, used 42453K [0x00000000eab00000, 0x00000000ee180000, 0x0000000100000000)
  eden space 34304K, 100% used [0x00000000eab00000,0x00000000ecc80000,0x00000000ecc80000)
  from space 8192K, 99% used [0x00000000ecc80000,0x00000000ed475758,0x00000000ed480000)
  to   space 8704K, 0% used [0x00000000ed900000,0x00000000ed900000,0x00000000ee180000)
 ParOldGen       total 260608K, used 223341K [0x00000000c0000000, 0x00000000cfe80000, 0x00000000eab00000)
  object space 260608K, 85% used [0x00000000c0000000,0x00000000cda1b408,0x00000000cfe80000)
 Metaspace       used 57167K, capacity 59698K, committed 59924K, reserved 1101824K
  class space    used 5552K, capacity 6604K, committed 6744K, reserved 1048576K
}
Event: 59.639 GC heap after
{Heap after GC invocations=79 (full 7):
 PSYoungGen      total 46080K, used 8132K [0x00000000eab00000, 0x00000000ee100000, 0x0000000100000000)
  eden space 37888K, 0% used [0x00000000eab00000,0x00000000eab00000,0x00000000ed000000)
  from space 8192K, 99% used [0x00000000ed900000,0x00000000ee0f1048,0x00000000ee100000)
  to   space 8192K, 0% used [0x00000000ed100000,0x00000000ed100000,0x00000000ed900000)
 ParOldGen       total 260608K, used 231497K [0x00000000c0000000, 0x00000000cfe80000, 0x00000000eab00000)
  object space 260608K, 88% used [0x00000000c0000000,0x00000000ce2124a0,0x00000000cfe80000)
 Metaspace       used 57167K, capacity 59698K, committed 59924K, reserved 1101824K
  class space    used 5552K, capacity 6604K, committed 6744K, reserved 1048576K
}
Event: 60.114 GC heap before
{Heap before GC invocations=80 (full 7):
 PSYoungGen      total 46080K, used 46020K [0x00000000eab00000, 0x00000000ee100000, 0x0000000100000000)
  eden space 37888K, 100% used [0x00000000eab00000,0x00000000ed000000,0x00000000ed000000)
  from space 8192K, 99% used [0x00000000ed900000,0x00000000ee0f1048,0x00000000ee100000)
  to   space 8192K, 0% used [0x00000000ed100000,0x00000000ed100000,0x00000000ed900000)
 ParOldGen       total 260608K, used 231497K [0x00000000c0000000, 0x00000000cfe80000, 0x00000000eab00000)
  object space 260608K, 88% used [0x00000000c0000000,0x00000000ce2124a0,0x00000000cfe80000)
 Metaspace       used 57167K, capacity 59698K, committed 59924K, reserved 1101824K
  class space    used 5552K, capacity 6604K, committed 6744K, reserved 1048576K
}
Event: 60.153 GC heap after
{Heap after GC invocations=80 (full 7):
 PSYoungGen      total 47104K, used 8175K [0x00000000eab00000, 0x00000000ef780000, 0x0000000100000000)
  eden space 38912K, 0% used [0x00000000eab00000,0x00000000eab00000,0x00000000ed100000)
  from space 8192K, 99% used [0x00000000ed100000,0x00000000ed8fbe28,0x00000000ed900000)
  to   space 18432K, 0% used [0x00000000ee580000,0x00000000ee580000,0x00000000ef780000)
 ParOldGen       total 260608K, used 239860K [0x00000000c0000000, 0x00000000cfe80000, 0x00000000eab00000)
  object space 260608K, 92% used [0x00000000c0000000,0x00000000cea3d008,0x00000000cfe80000)
 Metaspace       used 57167K, capacity 59698K, committed 59924K, reserved 1101824K
  class space    used 5552K, capacity 6604K, committed 6744K, reserved 1048576K
}
Event: 60.874 GC heap before
{Heap before GC invocations=81 (full 7):
 PSYoungGen      total 47104K, used 47087K [0x00000000eab00000, 0x00000000ef780000, 0x0000000100000000)
  eden space 38912K, 100% used [0x00000000eab00000,0x00000000ed100000,0x00000000ed100000)
  from space 8192K, 99% used [0x00000000ed100000,0x00000000ed8fbe28,0x00000000ed900000)
  to   space 18432K, 0% used [0x00000000ee580000,0x00000000ee580000,0x00000000ef780000)
 ParOldGen       total 260608K, used 239860K [0x00000000c0000000, 0x00000000cfe80000, 0x00000000eab00000)
  object space 260608K, 92% used [0x00000000c0000000,0x00000000cea3d008,0x00000000cfe80000)
 Metaspace       used 57175K, capacity 59699K, committed 59924K, reserved 1101824K
  class space    used 5552K, capacity 6604K, committed 6744K, reserved 1048576K
}
Event: 60.981 GC heap after
{Heap after GC invocations=81 (full 7):
 PSYoungGen      total 52224K, used 8725K [0x00000000eab00000, 0x00000000eee80000, 0x0000000100000000)
  eden space 43008K, 0% used [0x00000000eab00000,0x00000000eab00000,0x00000000ed500000)
  from space 9216K, 94% used [0x00000000ee580000,0x00000000eee056e8,0x00000000eee80000)
  to   space 11776K, 0% used [0x00000000ed780000,0x00000000ed780000,0x00000000ee300000)
 ParOldGen       total 260608K, used 248079K [0x00000000c0000000, 0x00000000cfe80000, 0x00000000eab00000)
  object space 260608K, 95% used [0x00000000c0000000,0x00000000cf243f90,0x00000000cfe80000)
 Metaspace       used 57175K, capacity 59699K, committed 59924K, reserved 1101824K
  class space    used 5552K, capacity 6604K, committed 6744K, reserved 1048576K
}
Event: 61.733 GC heap before
{Heap before GC invocations=82 (full 7):
 PSYoungGen      total 52224K, used 51733K [0x00000000eab00000, 0x00000000eee80000, 0x0000000100000000)
  eden space 43008K, 100% used [0x00000000eab00000,0x00000000ed500000,0x00000000ed500000)
  from space 9216K, 94% used [0x00000000ee580000,0x00000000eee056e8,0x00000000eee80000)
  to   space 11776K, 0% used [0x00000000ed780000,0x00000000ed780000,0x00000000ee300000)
 ParOldGen       total 260608K, used 248079K [0x00000000c0000000, 0x00000000cfe80000, 0x00000000eab00000)
  object space 260608K, 95% used [0x00000000c0000000,0x00000000cf243f90,0x00000000cfe80000)
 Metaspace       used 57176K, capacity 59699K, committed 59924K, reserved 1101824K
  class space    used 5552K, capacity 6604K, committed 6744K, reserved 1048576K
}
Event: 61.782 GC heap after
{Heap after GC invocations=82 (full 7):
 PSYoungGen      total 57344K, used 11773K [0x00000000eab00000, 0x00000000f0100000, 0x0000000100000000)
  eden space 45568K, 0% used [0x00000000eab00000,0x00000000eab00000,0x00000000ed780000)
  from space 11776K, 99% used [0x00000000ed780000,0x00000000ee2ff720,0x00000000ee300000)
  to   space 20480K, 0% used [0x00000000eed00000,0x00000000eed00000,0x00000000f0100000)
 ParOldGen       total 260608K, used 254651K [0x00000000c0000000, 0x00000000cfe80000, 0x00000000eab00000)
  object space 260608K, 97% used [0x00000000c0000000,0x00000000cf8aeee8,0x00000000cfe80000)
 Metaspace       used 57176K, capacity 59699K, committed 59924K, reserved 1101824K
  class space    used 5552K, capacity 6604K, committed 6744K, reserved 1048576K
}
Event: 61.782 GC heap before
{Heap before GC invocations=83 (full 8):
 PSYoungGen      total 57344K, used 11773K [0x00000000eab00000, 0x00000000f0100000, 0x0000000100000000)
  eden space 45568K, 0% used [0x00000000eab00000,0x00000000eab00000,0x00000000ed780000)
  from space 11776K, 99% used [0x00000000ed780000,0x00000000ee2ff720,0x00000000ee300000)
  to   space 20480K, 0% used [0x00000000eed00000,0x00000000eed00000,0x00000000f0100000)
 ParOldGen       total 260608K, used 254651K [0x00000000c0000000, 0x00000000cfe80000, 0x00000000eab00000)
  object space 260608K, 97% used [0x00000000c0000000,0x00000000cf8aeee8,0x00000000cfe80000)
 Metaspace       used 57176K, capacity 59699K, committed 59924K, reserved 1101824K
  class space    used 5552K, capacity 6604K, committed 6744K, reserved 1048576K
}
Event: 63.232 GC heap after
{Heap after GC invocations=83 (full 8):
 PSYoungGen      total 57344K, used 3001K [0x00000000eab00000, 0x00000000f0380000, 0x0000000100000000)
  eden space 45568K, 0% used [0x00000000eab00000,0x00000000eab00000,0x00000000ed780000)
  from space 11776K, 25% used [0x00000000ed780000,0x00000000eda6e7c0,0x00000000ee300000)
  to   space 20480K, 0% used [0x00000000eef80000,0x00000000eef80000,0x00000000f0380000)
 ParOldGen       total 349696K, used 260275K [0x00000000c0000000, 0x00000000d5580000, 0x00000000eab00000)
  object space 349696K, 74% used [0x00000000c0000000,0x00000000cfe2cc48,0x00000000d5580000)
 Metaspace       used 57176K, capacity 59699K, committed 59924K, reserved 1101824K
  class space    used 5552K, capacity 6604K, committed 6744K, reserved 1048576K
}
Event: 64.258 GC heap before
{Heap before GC invocations=84 (full 8):
 PSYoungGen      total 57344K, used 48569K [0x00000000eab00000, 0x00000000f0380000, 0x0000000100000000)
  eden space 45568K, 100% used [0x00000000eab00000,0x00000000ed780000,0x00000000ed780000)
  from space 11776K, 25% used [0x00000000ed780000,0x00000000eda6e7c0,0x00000000ee300000)
  to   space 20480K, 0% used [0x00000000eef80000,0x00000000eef80000,0x00000000f0380000)
 ParOldGen       total 349696K, used 260275K [0x00000000c0000000, 0x00000000d5580000, 0x00000000eab00000)
  object space 349696K, 74% used [0x00000000c0000000,0x00000000cfe2cc48,0x00000000d5580000)
 Metaspace       used 57531K, capacity 60152K, committed 60436K, reserved 1103872K
  class space    used 5582K, capacity 6606K, committed 6744K, reserved 1048576K
}
Event: 64.350 GC heap after
{Heap after GC invocations=84 (full 8):
 PSYoungGen      total 59392K, used 9788K [0x00000000eab00000, 0x00000000ef980000, 0x0000000100000000)
  eden space 49152K, 0% used [0x00000000eab00000,0x00000000eab00000,0x00000000edb00000)
  from space 10240K, 95% used [0x00000000eef80000,0x00000000ef90f230,0x00000000ef980000)
  to   space 13312K, 0% used [0x00000000edf80000,0x00000000edf80000,0x00000000eec80000)
 ParOldGen       total 349696K, used 263307K [0x00000000c0000000, 0x00000000d5580000, 0x00000000eab00000)
  object space 349696K, 75% used [0x00000000c0000000,0x00000000d0122d90,0x00000000d5580000)
 Metaspace       used 57531K, capacity 60152K, committed 60436K, reserved 1103872K
  class space    used 5582K, capacity 6606K, committed 6744K, reserved 1048576K
}
Event: 64.810 GC heap before
{Heap before GC invocations=85 (full 8):
 PSYoungGen      total 59392K, used 58940K [0x00000000eab00000, 0x00000000ef980000, 0x0000000100000000)
  eden space 49152K, 100% used [0x00000000eab00000,0x00000000edb00000,0x00000000edb00000)
  from space 10240K, 95% used [0x00000000eef80000,0x00000000ef90f230,0x00000000ef980000)
  to   space 13312K, 0% used [0x00000000edf80000,0x00000000edf80000,0x00000000eec80000)
 ParOldGen       total 349696K, used 263307K [0x00000000c0000000, 0x00000000d5580000, 0x00000000eab00000)
  object space 349696K, 75% used [0x00000000c0000000,0x00000000d0122d90,0x00000000d5580000)
 Metaspace       used 57531K, capacity 60152K, committed 60436K, reserved 1103872K
  class space    used 5582K, capacity 6606K, committed 6744K, reserved 1048576K
}
Event: 64.966 GC heap after
{Heap after GC invocations=85 (full 8):
 PSYoungGen      total 67072K, used 13305K [0x00000000eab00000, 0x00000000f1480000, 0x0000000100000000)
  eden space 53760K, 0% used [0x00000000eab00000,0x00000000eab00000,0x00000000edf80000)
  from space 13312K, 99% used [0x00000000edf80000,0x00000000eec7e4e8,0x00000000eec80000)
  to   space 27136K, 0% used [0x00000000efa00000,0x00000000efa00000,0x00000000f1480000)
 ParOldGen       total 349696K, used 274354K [0x00000000c0000000, 0x00000000d5580000, 0x00000000eab00000)
  object space 349696K, 78% used [0x00000000c0000000,0x00000000d0beca50,0x00000000d5580000)
 Metaspace       used 57531K, capacity 60152K, committed 60436K, reserved 1103872K
  class space    used 5582K, capacity 6606K, committed 6744K, reserved 1048576K
}
Event: 65.915 GC heap before
{Heap before GC invocations=86 (full 8):
 PSYoungGen      total 67072K, used 67065K [0x00000000eab00000, 0x00000000f1480000, 0x0000000100000000)
  eden space 53760K, 100% used [0x00000000eab00000,0x00000000edf80000,0x00000000edf80000)
  from space 13312K, 99% used [0x00000000edf80000,0x00000000eec7e4e8,0x00000000eec80000)
  to   space 27136K, 0% used [0x00000000efa00000,0x00000000efa00000,0x00000000f1480000)
 ParOldGen       total 349696K, used 274354K [0x00000000c0000000, 0x00000000d5580000, 0x00000000eab00000)
  object space 349696K, 78% used [0x00000000c0000000,0x00000000d0beca50,0x00000000d5580000)
 Metaspace       used 57610K, capacity 60216K, committed 60436K, reserved 1103872K
  class space    used 5582K, capacity 6606K, committed 6744K, reserved 1048576K
}
Event: 66.082 GC heap after
{Heap after GC invocations=86 (full 8):
 PSYoungGen      total 77824K, used 18056K [0x00000000eab00000, 0x00000000f0c80000, 0x0000000100000000)
  eden space 58880K, 0% used [0x00000000eab00000,0x00000000eab00000,0x00000000ee480000)
  from space 18944K, 95% used [0x00000000efa00000,0x00000000f0ba2230,0x00000000f0c80000)
  to   space 20480K, 0% used [0x00000000ee480000,0x00000000ee480000,0x00000000ef880000)
 ParOldGen       total 349696K, used 287612K [0x00000000c0000000, 0x00000000d5580000, 0x00000000eab00000)
  object space 349696K, 82% used [0x00000000c0000000,0x00000000d18df188,0x00000000d5580000)
 Metaspace       used 57610K, capacity 60216K, committed 60436K, reserved 1103872K
  class space    used 5582K, capacity 6606K, committed 6744K, reserved 1048576K
}
Event: 68.844 GC heap before
{Heap before GC invocations=87 (full 8):
 PSYoungGen      total 77824K, used 76936K [0x00000000eab00000, 0x00000000f0c80000, 0x0000000100000000)
  eden space 58880K, 100% used [0x00000000eab00000,0x00000000ee480000,0x00000000ee480000)
  from space 18944K, 95% used [0x00000000efa00000,0x00000000f0ba2230,0x00000000f0c80000)
  to   space 20480K, 0% used [0x00000000ee480000,0x00000000ee480000,0x00000000ef880000)
 ParOldGen       total 349696K, used 287612K [0x00000000c0000000, 0x00000000d5580000, 0x00000000eab00000)
  object space 349696K, 82% used [0x00000000c0000000,0x00000000d18df188,0x00000000d5580000)
 Metaspace       used 57656K, capacity 60290K, committed 60692K, reserved 1103872K
  class space    used 5585K, capacity 6608K, committed 6744K, reserved 1048576K
}
Event: 68.999 GC heap after
{Heap after GC invocations=87 (full 8):
 PSYoungGen      total 79360K, used 20474K [0x00000000eab00000, 0x00000000f5a80000, 0x0000000100000000)
  eden space 58880K, 0% used [0x00000000eab00000,0x00000000eab00000,0x00000000ee480000)
  from space 20480K, 99% used [0x00000000ee480000,0x00000000ef87e838,0x00000000ef880000)
  to   space 57856K, 0% used [0x00000000f2200000,0x00000000f2200000,0x00000000f5a80000)
 ParOldGen       total 349696K, used 319032K [0x00000000c0000000, 0x00000000d5580000, 0x00000000eab00000)
  object space 349696K, 91% used [0x00000000c0000000,0x00000000d378e1c8,0x00000000d5580000)
 Metaspace       used 57656K, capacity 60290K, committed 60692K, reserved 1103872K
  class space    used 5585K, capacity 6608K, committed 6744K, reserved 1048576K
}
Event: 68.999 GC heap before
{Heap before GC invocations=88 (full 9):
 PSYoungGen      total 79360K, used 20474K [0x00000000eab00000, 0x00000000f5a80000, 0x0000000100000000)
  eden space 58880K, 0% used [0x00000000eab00000,0x00000000eab00000,0x00000000ee480000)
  from space 20480K, 99% used [0x00000000ee480000,0x00000000ef87e838,0x00000000ef880000)
  to   space 57856K, 0% used [0x00000000f2200000,0x00000000f2200000,0x00000000f5a80000)
 ParOldGen       total 349696K, used 319032K [0x00000000c0000000, 0x00000000d5580000, 0x00000000eab00000)
  object space 349696K, 91% used [0x00000000c0000000,0x00000000d378e1c8,0x00000000d5580000)
 Metaspace       used 57656K, capacity 60290K, committed 60692K, reserved 1103872K
  class space    used 5585K, capacity 6608K, committed 6744K, reserved 1048576K
}
Event: 70.220 GC heap after
{Heap after GC invocations=88 (full 9):
 PSYoungGen      total 121856K, used 0K [0x00000000eab00000, 0x00000000f5a80000, 0x0000000100000000)
  eden space 64000K, 0% used [0x00000000eab00000,0x00000000eab00000,0x00000000ee980000)
  from space 57856K, 0% used [0x00000000f2200000,0x00000000f2200000,0x00000000f5a80000)
  to   space 57856K, 0% used [0x00000000ee980000,0x00000000ee980000,0x00000000f2200000)
 ParOldGen       total 475136K, used 338191K [0x00000000c0000000, 0x00000000dd000000, 0x00000000eab00000)
  object space 475136K, 71% used [0x00000000c0000000,0x00000000d4a43f60,0x00000000dd000000)
 Metaspace       used 57656K, capacity 60290K, committed 60692K, reserved 1103872K
  class space    used 5585K, capacity 6608K, committed 6744K, reserved 1048576K
}

