# JRE version: OpenJDK Runtime Environment Temurin-11.0.12+7 (11.0.12+7) (build 11.0.12+7)
# Java VM: OpenJDK 64-Bit Server VM Temurin-11.0.12+7 (11.0.12+7, mixed mode, tiered, compressed oops, parallel gc, windows-amd64)
Heap:
 PSYoungGen      total 125440K, used 75481K [0x00000000eab00000, 0x00000000f5480000, 0x0000000100000000)
  eden space 79872K, 37% used [0x00000000eab00000,0x00000000ec886498,0x00000000ef900000)
  from space 45568K, 99% used [0x00000000f2600000,0x00000000f5230340,0x00000000f5280000)
  to   space 46080K, 0% used [0x00000000ef900000,0x00000000ef900000,0x00000000f2600000)
 ParOldGen       total 454656K, used 353345K [0x00000000c0000000, 0x00000000dbc00000, 0x00000000eab00000)
  object space 454656K, 77% used [0x00000000c0000000,0x00000000d59107c8,0x00000000dbc00000)
 Metaspace       used 58919K, capacity 61783K, committed 61912K, reserved 1103872K
  class space    used 5742K, capacity 6825K, committed 6912K, reserved 1048576K
GC Heap History (20 events):
Event: 112.945 GC heap before
{Heap before GC invocations=111 (full 9):
 PSYoungGen      total 62464K, used 62439K [0x00000000eab00000, 0x00000000f0800000, 0x0000000100000000)
  eden space 49664K, 100% used [0x00000000eab00000,0x00000000edb80000,0x00000000edb80000)
  from space 12800K, 99% used [0x00000000edb80000,0x00000000ee7f9d08,0x00000000ee800000)
  to   space 22528K, 0% used [0x00000000ef200000,0x00000000ef200000,0x00000000f0800000)
 ParOldGen       total 285184K, used 249214K [0x00000000c0000000, 0x00000000d1680000, 0x00000000eab00000)
  object space 285184K, 87% used [0x00000000c0000000,0x00000000cf35fa20,0x00000000d1680000)
 Metaspace       used 58255K, capacity 61190K, committed 61400K, reserved 1103872K
  class space    used 5704K, capacity 6821K, committed 6912K, reserved 1048576K
}
Event: 113.097 GC heap after
{Heap after GC invocations=111 (full 9):
 PSYoungGen      total 66560K, used 11723K [0x00000000eab00000, 0x00000000efd80000, 0x0000000100000000)
  eden space 54784K, 0% used [0x00000000eab00000,0x00000000eab00000,0x00000000ee080000)
  from space 11776K, 99% used [0x00000000ef200000,0x00000000efd72d08,0x00000000efd80000)
  to   space 14848K, 0% used [0x00000000ee080000,0x00000000ee080000,0x00000000eef00000)
 ParOldGen       total 285184K, used 261873K [0x00000000c0000000, 0x00000000d1680000, 0x00000000eab00000)
  object space 285184K, 91% used [0x00000000c0000000,0x00000000cffbc770,0x00000000d1680000)
 Metaspace       used 58255K, capacity 61190K, committed 61400K, reserved 1103872K
  class space    used 5704K, capacity 6821K, committed 6912K, reserved 1048576K
}
Event: 114.275 GC heap before
{Heap before GC invocations=112 (full 9):
 PSYoungGen      total 66560K, used 66507K [0x00000000eab00000, 0x00000000efd80000, 0x0000000100000000)
  eden space 54784K, 100% used [0x00000000eab00000,0x00000000ee080000,0x00000000ee080000)
  from space 11776K, 99% used [0x00000000ef200000,0x00000000efd72d08,0x00000000efd80000)
  to   space 14848K, 0% used [0x00000000ee080000,0x00000000ee080000,0x00000000eef00000)
 ParOldGen       total 285184K, used 261873K [0x00000000c0000000, 0x00000000d1680000, 0x00000000eab00000)
  object space 285184K, 91% used [0x00000000c0000000,0x00000000cffbc770,0x00000000d1680000)
 Metaspace       used 58274K, capacity 61191K, committed 61400K, reserved 1103872K
  class space    used 5707K, capacity 6821K, committed 6912K, reserved 1048576K
}
Event: 114.348 GC heap after
{Heap after GC invocations=112 (full 9):
 PSYoungGen      total 69632K, used 14821K [0x00000000eab00000, 0x00000000f1780000, 0x0000000100000000)
  eden space 54784K, 0% used [0x00000000eab00000,0x00000000eab00000,0x00000000ee080000)
  from space 14848K, 99% used [0x00000000ee080000,0x00000000eeef94a8,0x00000000eef00000)
  to   space 25600K, 0% used [0x00000000efe80000,0x00000000efe80000,0x00000000f1780000)
 ParOldGen       total 285184K, used 270516K [0x00000000c0000000, 0x00000000d1680000, 0x00000000eab00000)
  object space 285184K, 94% used [0x00000000c0000000,0x00000000d082d2e8,0x00000000d1680000)
 Metaspace       used 58274K, capacity 61191K, committed 61400K, reserved 1103872K
  class space    used 5707K, capacity 6821K, committed 6912K, reserved 1048576K
}
Event: 115.398 GC heap before
{Heap before GC invocations=113 (full 9):
 PSYoungGen      total 69632K, used 69605K [0x00000000eab00000, 0x00000000f1780000, 0x0000000100000000)
  eden space 54784K, 100% used [0x00000000eab00000,0x00000000ee080000,0x00000000ee080000)
  from space 14848K, 99% used [0x00000000ee080000,0x00000000eeef94a8,0x00000000eef00000)
  to   space 25600K, 0% used [0x00000000efe80000,0x00000000efe80000,0x00000000f1780000)
 ParOldGen       total 285184K, used 270516K [0x00000000c0000000, 0x00000000d1680000, 0x00000000eab00000)
  object space 285184K, 94% used [0x00000000c0000000,0x00000000d082d2e8,0x00000000d1680000)
 Metaspace       used 58325K, capacity 61191K, committed 61400K, reserved 1103872K
  class space    used 5712K, capacity 6821K, committed 6912K, reserved 1048576K
}
Event: 115.494 GC heap after
{Heap after GC invocations=113 (full 9):
 PSYoungGen      total 71168K, used 11007K [0x00000000eab00000, 0x00000000f0980000, 0x0000000100000000)
  eden space 59904K, 0% used [0x00000000eab00000,0x00000000eab00000,0x00000000ee580000)
  from space 11264K, 97% used [0x00000000efe80000,0x00000000f093fd58,0x00000000f0980000)
  to   space 15872K, 0% used [0x00000000eea80000,0x00000000eea80000,0x00000000efa00000)
 ParOldGen       total 286208K, used 285345K [0x00000000c0000000, 0x00000000d1780000, 0x00000000eab00000)
  object space 286208K, 99% used [0x00000000c0000000,0x00000000d16a8468,0x00000000d1780000)
 Metaspace       used 58325K, capacity 61191K, committed 61400K, reserved 1103872K
  class space    used 5712K, capacity 6821K, committed 6912K, reserved 1048576K
}
Event: 115.494 GC heap before
{Heap before GC invocations=114 (full 10):
 PSYoungGen      total 71168K, used 11007K [0x00000000eab00000, 0x00000000f0980000, 0x0000000100000000)
  eden space 59904K, 0% used [0x00000000eab00000,0x00000000eab00000,0x00000000ee580000)
  from space 11264K, 97% used [0x00000000efe80000,0x00000000f093fd58,0x00000000f0980000)
  to   space 15872K, 0% used [0x00000000eea80000,0x00000000eea80000,0x00000000efa00000)
 ParOldGen       total 286208K, used 285345K [0x00000000c0000000, 0x00000000d1780000, 0x00000000eab00000)
  object space 286208K, 99% used [0x00000000c0000000,0x00000000d16a8468,0x00000000d1780000)
 Metaspace       used 58325K, capacity 61191K, committed 61400K, reserved 1103872K
  class space    used 5712K, capacity 6821K, committed 6912K, reserved 1048576K
}
Event: 117.401 GC heap after
{Heap after GC invocations=114 (full 10):
 PSYoungGen      total 76288K, used 7217K [0x00000000eab00000, 0x00000000f0980000, 0x0000000100000000)
  eden space 65024K, 0% used [0x00000000eab00000,0x00000000eab00000,0x00000000eea80000)
  from space 11264K, 64% used [0x00000000efe80000,0x00000000f058c4a0,0x00000000f0980000)
  to   space 15872K, 0% used [0x00000000eea80000,0x00000000eea80000,0x00000000efa00000)
 ParOldGen       total 361984K, used 285836K [0x00000000c0000000, 0x00000000d6180000, 0x00000000eab00000)
  object space 361984K, 78% used [0x00000000c0000000,0x00000000d17230e0,0x00000000d6180000)
 Metaspace       used 58325K, capacity 61191K, committed 61400K, reserved 1103872K
  class space    used 5712K, capacity 6821K, committed 6912K, reserved 1048576K
}
Event: 119.306 GC heap before
{Heap before GC invocations=115 (full 10):
 PSYoungGen      total 76288K, used 72241K [0x00000000eab00000, 0x00000000f0980000, 0x0000000100000000)
  eden space 65024K, 100% used [0x00000000eab00000,0x00000000eea80000,0x00000000eea80000)
  from space 11264K, 64% used [0x00000000efe80000,0x00000000f058c4a0,0x00000000f0980000)
  to   space 15872K, 0% used [0x00000000eea80000,0x00000000eea80000,0x00000000efa00000)
 ParOldGen       total 361984K, used 285836K [0x00000000c0000000, 0x00000000d6180000, 0x00000000eab00000)
  object space 361984K, 78% used [0x00000000c0000000,0x00000000d17230e0,0x00000000d6180000)
 Metaspace       used 58365K, capacity 61322K, committed 61656K, reserved 1103872K
  class space    used 5717K, capacity 6822K, committed 6912K, reserved 1048576K
}
Event: 119.513 GC heap after
{Heap after GC invocations=115 (full 10):
 PSYoungGen      total 80896K, used 15855K [0x00000000eab00000, 0x00000000f1c80000, 0x0000000100000000)
  eden space 65024K, 0% used [0x00000000eab00000,0x00000000eab00000,0x00000000eea80000)
  from space 15872K, 99% used [0x00000000eea80000,0x00000000ef9fbe80,0x00000000efa00000)
  to   space 23040K, 0% used [0x00000000f0600000,0x00000000f0600000,0x00000000f1c80000)
 ParOldGen       total 361984K, used 291023K [0x00000000c0000000, 0x00000000d6180000, 0x00000000eab00000)
  object space 361984K, 80% used [0x00000000c0000000,0x00000000d1c33f98,0x00000000d6180000)
 Metaspace       used 58365K, capacity 61322K, committed 61656K, reserved 1103872K
  class space    used 5717K, capacity 6822K, committed 6912K, reserved 1048576K
}
Event: 120.536 GC heap before
{Heap before GC invocations=116 (full 10):
 PSYoungGen      total 80896K, used 80879K [0x00000000eab00000, 0x00000000f1c80000, 0x0000000100000000)
  eden space 65024K, 100% used [0x00000000eab00000,0x00000000eea80000,0x00000000eea80000)
  from space 15872K, 99% used [0x00000000eea80000,0x00000000ef9fbe80,0x00000000efa00000)
  to   space 23040K, 0% used [0x00000000f0600000,0x00000000f0600000,0x00000000f1c80000)
 ParOldGen       total 361984K, used 291023K [0x00000000c0000000, 0x00000000d6180000, 0x00000000eab00000)
  object space 361984K, 80% used [0x00000000c0000000,0x00000000d1c33f98,0x00000000d6180000)
 Metaspace       used 58365K, capacity 61322K, committed 61656K, reserved 1103872K
  class space    used 5717K, capacity 6822K, committed 6912K, reserved 1048576K
}
Event: 120.668 GC heap after
{Heap after GC invocations=116 (full 10):
 PSYoungGen      total 89600K, used 19140K [0x00000000eab00000, 0x00000000f1900000, 0x0000000100000000)
  eden space 70144K, 0% used [0x00000000eab00000,0x00000000eab00000,0x00000000eef80000)
  from space 19456K, 98% used [0x00000000f0600000,0x00000000f18b12a0,0x00000000f1900000)
  to   space 19968K, 0% used [0x00000000ef200000,0x00000000ef200000,0x00000000f0580000)
 ParOldGen       total 361984K, used 306992K [0x00000000c0000000, 0x00000000d6180000, 0x00000000eab00000)
  object space 361984K, 84% used [0x00000000c0000000,0x00000000d2bcc3a8,0x00000000d6180000)
 Metaspace       used 58365K, capacity 61322K, committed 61656K, reserved 1103872K
  class space    used 5717K, capacity 6822K, committed 6912K, reserved 1048576K
}
Event: 122.207 GC heap before
{Heap before GC invocations=117 (full 10):
 PSYoungGen      total 89600K, used 89284K [0x00000000eab00000, 0x00000000f1900000, 0x0000000100000000)
  eden space 70144K, 100% used [0x00000000eab00000,0x00000000eef80000,0x00000000eef80000)
  from space 19456K, 98% used [0x00000000f0600000,0x00000000f18b12a0,0x00000000f1900000)
  to   space 19968K, 0% used [0x00000000ef200000,0x00000000ef200000,0x00000000f0580000)
 ParOldGen       total 361984K, used 306992K [0x00000000c0000000, 0x00000000d6180000, 0x00000000eab00000)
  object space 361984K, 84% used [0x00000000c0000000,0x00000000d2bcc3a8,0x00000000d6180000)
 Metaspace       used 58383K, capacity 61322K, committed 61656K, reserved 1103872K
  class space    used 5718K, capacity 6822K, committed 6912K, reserved 1048576K
}
Event: 122.340 GC heap after
{Heap after GC invocations=117 (full 10):
 PSYoungGen      total 92672K, used 19956K [0x00000000eab00000, 0x00000000f5d80000, 0x0000000100000000)
  eden space 72704K, 0% used [0x00000000eab00000,0x00000000eab00000,0x00000000ef200000)
  from space 19968K, 99% used [0x00000000ef200000,0x00000000f057d0f0,0x00000000f0580000)
  to   space 53760K, 0% used [0x00000000f2900000,0x00000000f2900000,0x00000000f5d80000)
 ParOldGen       total 361984K, used 335435K [0x00000000c0000000, 0x00000000d6180000, 0x00000000eab00000)
  object space 361984K, 92% used [0x00000000c0000000,0x00000000d4792f50,0x00000000d6180000)
 Metaspace       used 58383K, capacity 61322K, committed 61656K, reserved 1103872K
  class space    used 5718K, capacity 6822K, committed 6912K, reserved 1048576K
}
Event: 122.340 GC heap before
{Heap before GC invocations=118 (full 11):
 PSYoungGen      total 92672K, used 19956K [0x00000000eab00000, 0x00000000f5d80000, 0x0000000100000000)
  eden space 72704K, 0% used [0x00000000eab00000,0x00000000eab00000,0x00000000ef200000)
  from space 19968K, 99% used [0x00000000ef200000,0x00000000f057d0f0,0x00000000f0580000)
  to   space 53760K, 0% used [0x00000000f2900000,0x00000000f2900000,0x00000000f5d80000)
 ParOldGen       total 361984K, used 335435K [0x00000000c0000000, 0x00000000d6180000, 0x00000000eab00000)
  object space 361984K, 92% used [0x00000000c0000000,0x00000000d4792f50,0x00000000d6180000)
 Metaspace       used 58383K, capacity 61322K, committed 61656K, reserved 1103872K
  class space    used 5718K, capacity 6822K, committed 6912K, reserved 1048576K
}
Event: 123.514 GC heap after
{Heap after GC invocations=118 (full 11):
 PSYoungGen      total 129024K, used 0K [0x00000000eab00000, 0x00000000f6080000, 0x0000000100000000)
  eden space 75264K, 0% used [0x00000000eab00000,0x00000000eab00000,0x00000000ef480000)
  from space 53760K, 0% used [0x00000000f2900000,0x00000000f2900000,0x00000000f5d80000)
  to   space 53760K, 0% used [0x00000000ef480000,0x00000000ef480000,0x00000000f2900000)
 ParOldGen       total 454656K, used 353345K [0x00000000c0000000, 0x00000000dbc00000, 0x00000000eab00000)
  object space 454656K, 77% used [0x00000000c0000000,0x00000000d59107c8,0x00000000dbc00000)
 Metaspace       used 58383K, capacity 61322K, committed 61656K, reserved 1103872K
  class space    used 5718K, capacity 6822K, committed 6912K, reserved 1048576K
}
Event: 127.579 GC heap before
{Heap before GC invocations=119 (full 11):
 PSYoungGen      total 129024K, used 75264K [0x00000000eab00000, 0x00000000f6080000, 0x0000000100000000)
  eden space 75264K, 100% used [0x00000000eab00000,0x00000000ef480000,0x00000000ef480000)
  from space 53760K, 0% used [0x00000000f2900000,0x00000000f2900000,0x00000000f5d80000)
  to   space 53760K, 0% used [0x00000000ef480000,0x00000000ef480000,0x00000000f2900000)
 ParOldGen       total 454656K, used 353345K [0x00000000c0000000, 0x00000000dbc00000, 0x00000000eab00000)
  object space 454656K, 77% used [0x00000000c0000000,0x00000000d59107c8,0x00000000dbc00000)
 Metaspace       used 58415K, capacity 61322K, committed 61656K, reserved 1103872K
  class space    used 5720K, capacity 6822K, committed 6912K, reserved 1048576K
}
Event: 127.762 GC heap after
{Heap after GC invocations=119 (full 11):
 PSYoungGen      total 119296K, used 43914K [0x00000000eab00000, 0x00000000f5280000, 0x0000000100000000)
  eden space 75264K, 0% used [0x00000000eab00000,0x00000000eab00000,0x00000000ef480000)
  from space 44032K, 99% used [0x00000000ef480000,0x00000000f1f62a18,0x00000000f1f80000)
  to   space 45568K, 0% used [0x00000000f2600000,0x00000000f2600000,0x00000000f5280000)
 ParOldGen       total 454656K, used 353345K [0x00000000c0000000, 0x00000000dbc00000, 0x00000000eab00000)
  object space 454656K, 77% used [0x00000000c0000000,0x00000000d59107c8,0x00000000dbc00000)
 Metaspace       used 58415K, capacity 61322K, committed 61656K, reserved 1103872K
  class space    used 5720K, capacity 6822K, committed 6912K, reserved 1048576K
}
Event: 129.045 GC heap before
{Heap before GC invocations=120 (full 11):
 PSYoungGen      total 119296K, used 119178K [0x00000000eab00000, 0x00000000f5280000, 0x0000000100000000)
  eden space 75264K, 100% used [0x00000000eab00000,0x00000000ef480000,0x00000000ef480000)
  from space 44032K, 99% used [0x00000000ef480000,0x00000000f1f62a18,0x00000000f1f80000)
  to   space 45568K, 0% used [0x00000000f2600000,0x00000000f2600000,0x00000000f5280000)
 ParOldGen       total 454656K, used 353345K [0x00000000c0000000, 0x00000000dbc00000, 0x00000000eab00000)
  object space 454656K, 77% used [0x00000000c0000000,0x00000000d59107c8,0x00000000dbc00000)
 Metaspace       used 58435K, capacity 61386K, committed 61656K, reserved 1103872K
  class space    used 5721K, capacity 6822K, committed 6912K, reserved 1048576K
}
Event: 129.439 GC heap after
{Heap after GC invocations=120 (full 11):
 PSYoungGen      total 125440K, used 45248K [0x00000000eab00000, 0x00000000f5480000, 0x0000000100000000)
  eden space 79872K, 0% used [0x00000000eab00000,0x00000000eab00000,0x00000000ef900000)
  from space 45568K, 99% used [0x00000000f2600000,0x00000000f5230340,0x00000000f5280000)
  to   space 46080K, 0% used [0x00000000ef900000,0x00000000ef900000,0x00000000f2600000)
 ParOldGen       total 454656K, used 353345K [0x00000000c0000000, 0x00000000dbc00000, 0x00000000eab00000)
  object space 454656K, 77% used [0x00000000c0000000,0x00000000d59107c8,0x00000000dbc00000)
 Metaspace       used 58435K, capacity 61386K, committed 61656K, reserved 1103872K
  class space    used 5721K, capacity 6822K, committed 6912K, reserved 1048576K
}

