# JRE version: OpenJDK Runtime Environment Temurin-11.0.12+7 (11.0.12+7) (build 11.0.12+7)
# Java VM: OpenJDK 64-Bit Server VM Temurin-11.0.12+7 (11.0.12+7, mixed mode, tiered, compressed oops, parallel gc, windows-amd64)
Heap:
 PSYoungGen      total 43520K, used 19204K [0x00000000eab00000, 0x00000000ede80000, 0x0000000100000000)
  eden space 38400K, 37% used [0x00000000eab00000,0x00000000eb9144a0,0x00000000ed080000)
  from space 5120K, 93% used [0x00000000ed980000,0x00000000ede2cb98,0x00000000ede80000)
  to   space 6144K, 0% used [0x00000000ed280000,0x00000000ed280000,0x00000000ed880000)
 ParOldGen       total 162816K, used 70263K [0x00000000c0000000, 0x00000000c9f00000, 0x00000000eab00000)
  object space 162816K, 43% used [0x00000000c0000000,0x00000000c449df38,0x00000000c9f00000)
 Metaspace       used 59900K, capacity 62569K, committed 62808K, reserved 1107968K
  class space    used 5911K, capacity 6942K, committed 7000K, reserved 1048576K
GC Heap History (20 events):
Event: 113.446 GC heap before
{Heap before GC invocations=20 (full 2):
 PSYoungGen      total 23552K, used 5794K [0x00000000eab00000, 0x00000000ec780000, 0x0000000100000000)
  eden space 22016K, 19% used [0x00000000eab00000,0x00000000eaf2bfb8,0x00000000ec080000)
  from space 1536K, 99% used [0x00000000ec280000,0x00000000ec3fcb78,0x00000000ec400000)
  to   space 3584K, 0% used [0x00000000ec400000,0x00000000ec400000,0x00000000ec780000)
 ParOldGen       total 68608K, used 34321K [0x00000000c0000000, 0x00000000c4300000, 0x00000000eab00000)
  object space 68608K, 50% used [0x00000000c0000000,0x00000000c21845b0,0x00000000c4300000)
 Metaspace       used 56336K, capacity 58845K, committed 58968K, reserved 1101824K
  class space    used 5665K, capacity 6639K, committed 6744K, reserved 1048576K
}
Event: 113.459 GC heap after
{Heap after GC invocations=20 (full 2):
 PSYoungGen      total 23040K, used 716K [0x00000000eab00000, 0x00000000ec500000, 0x0000000100000000)
  eden space 22016K, 0% used [0x00000000eab00000,0x00000000eab00000,0x00000000ec080000)
  from space 1024K, 70% used [0x00000000ec400000,0x00000000ec4b33c8,0x00000000ec500000)
  to   space 2048K, 0% used [0x00000000ec100000,0x00000000ec100000,0x00000000ec300000)
 ParOldGen       total 68608K, used 35688K [0x00000000c0000000, 0x00000000c4300000, 0x00000000eab00000)
  object space 68608K, 52% used [0x00000000c0000000,0x00000000c22da2f0,0x00000000c4300000)
 Metaspace       used 56336K, capacity 58845K, committed 58968K, reserved 1101824K
  class space    used 5665K, capacity 6639K, committed 6744K, reserved 1048576K
}
Event: 113.459 GC heap before
{Heap before GC invocations=21 (full 3):
 PSYoungGen      total 23040K, used 716K [0x00000000eab00000, 0x00000000ec500000, 0x0000000100000000)
  eden space 22016K, 0% used [0x00000000eab00000,0x00000000eab00000,0x00000000ec080000)
  from space 1024K, 70% used [0x00000000ec400000,0x00000000ec4b33c8,0x00000000ec500000)
  to   space 2048K, 0% used [0x00000000ec100000,0x00000000ec100000,0x00000000ec300000)
 ParOldGen       total 68608K, used 35688K [0x00000000c0000000, 0x00000000c4300000, 0x00000000eab00000)
  object space 68608K, 52% used [0x00000000c0000000,0x00000000c22da2f0,0x00000000c4300000)
 Metaspace       used 56336K, capacity 58845K, committed 58968K, reserved 1101824K
  class space    used 5665K, capacity 6639K, committed 6744K, reserved 1048576K
}
Event: 114.377 GC heap after
{Heap after GC invocations=21 (full 3):
 PSYoungGen      total 23040K, used 0K [0x00000000eab00000, 0x00000000ec500000, 0x0000000100000000)
  eden space 22016K, 0% used [0x00000000eab00000,0x00000000eab00000,0x00000000ec080000)
  from space 1024K, 0% used [0x00000000ec400000,0x00000000ec400000,0x00000000ec500000)
  to   space 2048K, 0% used [0x00000000ec100000,0x00000000ec100000,0x00000000ec300000)
 ParOldGen       total 68608K, used 32473K [0x00000000c0000000, 0x00000000c4300000, 0x00000000eab00000)
  object space 68608K, 47% used [0x00000000c0000000,0x00000000c1fb6488,0x00000000c4300000)
 Metaspace       used 56336K, capacity 58845K, committed 58968K, reserved 1101824K
  class space    used 5665K, capacity 6639K, committed 6744K, reserved 1048576K
}
Event: 118.621 GC heap before
{Heap before GC invocations=22 (full 3):
 PSYoungGen      total 23040K, used 18319K [0x00000000eab00000, 0x00000000ec500000, 0x0000000100000000)
  eden space 22016K, 83% used [0x00000000eab00000,0x00000000ebce3f10,0x00000000ec080000)
  from space 1024K, 0% used [0x00000000ec400000,0x00000000ec400000,0x00000000ec500000)
  to   space 2048K, 0% used [0x00000000ec100000,0x00000000ec100000,0x00000000ec300000)
 ParOldGen       total 68608K, used 32473K [0x00000000c0000000, 0x00000000c4300000, 0x00000000eab00000)
  object space 68608K, 47% used [0x00000000c0000000,0x00000000c1fb6488,0x00000000c4300000)
 Metaspace       used 56821K, capacity 59391K, committed 59480K, reserved 1101824K
  class space    used 5688K, capacity 6684K, committed 6744K, reserved 1048576K
}
Event: 118.651 GC heap after
{Heap after GC invocations=22 (full 3):
 PSYoungGen      total 24064K, used 1673K [0x00000000eab00000, 0x00000000ec480000, 0x0000000100000000)
  eden space 22016K, 0% used [0x00000000eab00000,0x00000000eab00000,0x00000000ec080000)
  from space 2048K, 81% used [0x00000000ec100000,0x00000000ec2a2780,0x00000000ec300000)
  to   space 1536K, 0% used [0x00000000ec300000,0x00000000ec300000,0x00000000ec480000)
 ParOldGen       total 68608K, used 37633K [0x00000000c0000000, 0x00000000c4300000, 0x00000000eab00000)
  object space 68608K, 54% used [0x00000000c0000000,0x00000000c24c0418,0x00000000c4300000)
 Metaspace       used 56821K, capacity 59391K, committed 59480K, reserved 1101824K
  class space    used 5688K, capacity 6684K, committed 6744K, reserved 1048576K
}
Event: 119.800 GC heap before
{Heap before GC invocations=23 (full 4):
 PSYoungGen      total 24064K, used 23689K [0x00000000eab00000, 0x00000000ec480000, 0x0000000100000000)
  eden space 22016K, 100% used [0x00000000eab00000,0x00000000ec080000,0x00000000ec080000)
  from space 2048K, 81% used [0x00000000ec100000,0x00000000ec2a2780,0x00000000ec300000)
  to   space 1536K, 0% used [0x00000000ec300000,0x00000000ec300000,0x00000000ec480000)
 ParOldGen       total 68608K, used 63962K [0x00000000c0000000, 0x00000000c4300000, 0x00000000eab00000)
  object space 68608K, 93% used [0x00000000c0000000,0x00000000c3e769c8,0x00000000c4300000)
 Metaspace       used 56892K, capacity 59525K, committed 59736K, reserved 1101824K
  class space    used 5691K, capacity 6686K, committed 6744K, reserved 1048576K
}
Event: 120.831 GC heap after
{Heap after GC invocations=23 (full 4):
 PSYoungGen      total 24064K, used 0K [0x00000000eab00000, 0x00000000ec680000, 0x0000000100000000)
  eden space 22528K, 0% used [0x00000000eab00000,0x00000000eab00000,0x00000000ec100000)
  from space 1536K, 0% used [0x00000000ec300000,0x00000000ec300000,0x00000000ec480000)
  to   space 2048K, 0% used [0x00000000ec100000,0x00000000ec100000,0x00000000ec300000)
 ParOldGen       total 107520K, used 55428K [0x00000000c0000000, 0x00000000c6900000, 0x00000000eab00000)
  object space 107520K, 51% used [0x00000000c0000000,0x00000000c36210e8,0x00000000c6900000)
 Metaspace       used 56892K, capacity 59525K, committed 59736K, reserved 1101824K
  class space    used 5691K, capacity 6686K, committed 6744K, reserved 1048576K
}
Event: 123.332 GC heap before
{Heap before GC invocations=24 (full 4):
 PSYoungGen      total 24064K, used 22528K [0x00000000eab00000, 0x00000000ec680000, 0x0000000100000000)
  eden space 22528K, 100% used [0x00000000eab00000,0x00000000ec100000,0x00000000ec100000)
  from space 1536K, 0% used [0x00000000ec300000,0x00000000ec300000,0x00000000ec480000)
  to   space 2048K, 0% used [0x00000000ec100000,0x00000000ec100000,0x00000000ec300000)
 ParOldGen       total 107520K, used 55428K [0x00000000c0000000, 0x00000000c6900000, 0x00000000eab00000)
  object space 107520K, 51% used [0x00000000c0000000,0x00000000c36210e8,0x00000000c6900000)
 Metaspace       used 57030K, capacity 59679K, committed 59736K, reserved 1101824K
  class space    used 5695K, capacity 6690K, committed 6744K, reserved 1048576K
}
Event: 123.790 GC heap after
{Heap after GC invocations=24 (full 4):
 PSYoungGen      total 24576K, used 2037K [0x00000000eab00000, 0x00000000ee280000, 0x0000000100000000)
  eden space 22528K, 0% used [0x00000000eab00000,0x00000000eab00000,0x00000000ec100000)
  from space 2048K, 99% used [0x00000000ec100000,0x00000000ec2fd5f0,0x00000000ec300000)
  to   space 15872K, 0% used [0x00000000ed300000,0x00000000ed300000,0x00000000ee280000)
 ParOldGen       total 107520K, used 67020K [0x00000000c0000000, 0x00000000c6900000, 0x00000000eab00000)
  object space 107520K, 62% used [0x00000000c0000000,0x00000000c41730e8,0x00000000c6900000)
 Metaspace       used 57030K, capacity 59679K, committed 59736K, reserved 1101824K
  class space    used 5695K, capacity 6690K, committed 6744K, reserved 1048576K
}
Event: 125.131 GC heap before
{Heap before GC invocations=25 (full 4):
 PSYoungGen      total 24576K, used 24565K [0x00000000eab00000, 0x00000000ee280000, 0x0000000100000000)
  eden space 22528K, 100% used [0x00000000eab00000,0x00000000ec100000,0x00000000ec100000)
  from space 2048K, 99% used [0x00000000ec100000,0x00000000ec2fd5f0,0x00000000ec300000)
  to   space 15872K, 0% used [0x00000000ed300000,0x00000000ed300000,0x00000000ee280000)
 ParOldGen       total 107520K, used 67020K [0x00000000c0000000, 0x00000000c6900000, 0x00000000eab00000)
  object space 107520K, 62% used [0x00000000c0000000,0x00000000c41730e8,0x00000000c6900000)
 Metaspace       used 57073K, capacity 59703K, committed 59992K, reserved 1101824K
  class space    used 5699K, capacity 6695K, committed 6744K, reserved 1048576K
}
Event: 125.230 GC heap after
{Heap after GC invocations=25 (full 4):
 PSYoungGen      total 39936K, used 14592K [0x00000000eab00000, 0x00000000ee180000, 0x0000000100000000)
  eden space 25088K, 0% used [0x00000000eab00000,0x00000000eab00000,0x00000000ec380000)
  from space 14848K, 98% used [0x00000000ed300000,0x00000000ee140000,0x00000000ee180000)
  to   space 15360K, 0% used [0x00000000ec380000,0x00000000ec380000,0x00000000ed280000)
 ParOldGen       total 107520K, used 69049K [0x00000000c0000000, 0x00000000c6900000, 0x00000000eab00000)
  object space 107520K, 64% used [0x00000000c0000000,0x00000000c436e6f0,0x00000000c6900000)
 Metaspace       used 57073K, capacity 59703K, committed 59992K, reserved 1101824K
  class space    used 5699K, capacity 6695K, committed 6744K, reserved 1048576K
}
Event: 127.124 GC heap before
{Heap before GC invocations=26 (full 4):
 PSYoungGen      total 39936K, used 39680K [0x00000000eab00000, 0x00000000ee180000, 0x0000000100000000)
  eden space 25088K, 100% used [0x00000000eab00000,0x00000000ec380000,0x00000000ec380000)
  from space 14848K, 98% used [0x00000000ed300000,0x00000000ee140000,0x00000000ee180000)
  to   space 15360K, 0% used [0x00000000ec380000,0x00000000ec380000,0x00000000ed280000)
 ParOldGen       total 107520K, used 69049K [0x00000000c0000000, 0x00000000c6900000, 0x00000000eab00000)
  object space 107520K, 64% used [0x00000000c0000000,0x00000000c436e6f0,0x00000000c6900000)
 Metaspace       used 57460K, capacity 60064K, committed 60376K, reserved 1103872K
  class space    used 5718K, capacity 6729K, committed 6872K, reserved 1048576K
}
Event: 127.399 GC heap after
{Heap after GC invocations=26 (full 4):
 PSYoungGen      total 40448K, used 15360K [0x00000000eab00000, 0x00000000efe00000, 0x0000000100000000)
  eden space 25088K, 0% used [0x00000000eab00000,0x00000000eab00000,0x00000000ec380000)
  from space 15360K, 100% used [0x00000000ec380000,0x00000000ed280000,0x00000000ed280000)
  to   space 28160K, 0% used [0x00000000ee280000,0x00000000ee280000,0x00000000efe00000)
 ParOldGen       total 107520K, used 79361K [0x00000000c0000000, 0x00000000c6900000, 0x00000000eab00000)
  object space 107520K, 73% used [0x00000000c0000000,0x00000000c4d806f0,0x00000000c6900000)
 Metaspace       used 57460K, capacity 60064K, committed 60376K, reserved 1103872K
  class space    used 5718K, capacity 6729K, committed 6872K, reserved 1048576K
}
Event: 128.126 GC heap before
{Heap before GC invocations=27 (full 4):
 PSYoungGen      total 40448K, used 40448K [0x00000000eab00000, 0x00000000efe00000, 0x0000000100000000)
  eden space 25088K, 100% used [0x00000000eab00000,0x00000000ec380000,0x00000000ec380000)
  from space 15360K, 100% used [0x00000000ec380000,0x00000000ed280000,0x00000000ed280000)
  to   space 28160K, 0% used [0x00000000ee280000,0x00000000ee280000,0x00000000efe00000)
 ParOldGen       total 107520K, used 79361K [0x00000000c0000000, 0x00000000c6900000, 0x00000000eab00000)
  object space 107520K, 73% used [0x00000000c0000000,0x00000000c4d806f0,0x00000000c6900000)
 Metaspace       used 57497K, capacity 60143K, committed 60376K, reserved 1103872K
  class space    used 5724K, capacity 6734K, committed 6872K, reserved 1048576K
}
Event: 128.240 GC heap after
{Heap after GC invocations=27 (full 4):
 PSYoungGen      total 29696K, used 464K [0x00000000eab00000, 0x00000000ee300000, 0x0000000100000000)
  eden space 29184K, 0% used [0x00000000eab00000,0x00000000eab00000,0x00000000ec780000)
  from space 512K, 90% used [0x00000000ee280000,0x00000000ee2f4010,0x00000000ee300000)
  to   space 9728K, 0% used [0x00000000ed000000,0x00000000ed000000,0x00000000ed980000)
 ParOldGen       total 107520K, used 94747K [0x00000000c0000000, 0x00000000c6900000, 0x00000000eab00000)
  object space 107520K, 88% used [0x00000000c0000000,0x00000000c5c86d18,0x00000000c6900000)
 Metaspace       used 57497K, capacity 60143K, committed 60376K, reserved 1103872K
  class space    used 5724K, capacity 6734K, committed 6872K, reserved 1048576K
}
Event: 128.240 GC heap before
{Heap before GC invocations=28 (full 5):
 PSYoungGen      total 29696K, used 464K [0x00000000eab00000, 0x00000000ee300000, 0x0000000100000000)
  eden space 29184K, 0% used [0x00000000eab00000,0x00000000eab00000,0x00000000ec780000)
  from space 512K, 90% used [0x00000000ee280000,0x00000000ee2f4010,0x00000000ee300000)
  to   space 9728K, 0% used [0x00000000ed000000,0x00000000ed000000,0x00000000ed980000)
 ParOldGen       total 107520K, used 94747K [0x00000000c0000000, 0x00000000c6900000, 0x00000000eab00000)
  object space 107520K, 88% used [0x00000000c0000000,0x00000000c5c86d18,0x00000000c6900000)
 Metaspace       used 57497K, capacity 60143K, committed 60376K, reserved 1103872K
  class space    used 5724K, capacity 6734K, committed 6872K, reserved 1048576K
}
Event: 129.626 GC heap after
{Heap after GC invocations=28 (full 5):
 PSYoungGen      total 43520K, used 0K [0x00000000eab00000, 0x00000000ee300000, 0x0000000100000000)
  eden space 33792K, 0% used [0x00000000eab00000,0x00000000eab00000,0x00000000ecc00000)
  from space 9728K, 0% used [0x00000000ed000000,0x00000000ed000000,0x00000000ed980000)
  to   space 9728K, 0% used [0x00000000ed980000,0x00000000ed980000,0x00000000ee300000)
 ParOldGen       total 162816K, used 70255K [0x00000000c0000000, 0x00000000c9f00000, 0x00000000eab00000)
  object space 162816K, 43% used [0x00000000c0000000,0x00000000c449bf38,0x00000000c9f00000)
 Metaspace       used 57497K, capacity 60143K, committed 60376K, reserved 1103872K
  class space    used 5724K, capacity 6734K, committed 6872K, reserved 1048576K
}
Event: 134.556 GC heap before
{Heap before GC invocations=29 (full 5):
 PSYoungGen      total 43520K, used 33792K [0x00000000eab00000, 0x00000000ee300000, 0x0000000100000000)
  eden space 33792K, 100% used [0x00000000eab00000,0x00000000ecc00000,0x00000000ecc00000)
  from space 9728K, 0% used [0x00000000ed000000,0x00000000ed000000,0x00000000ed980000)
  to   space 9728K, 0% used [0x00000000ed980000,0x00000000ed980000,0x00000000ee300000)
 ParOldGen       total 162816K, used 70255K [0x00000000c0000000, 0x00000000c9f00000, 0x00000000eab00000)
  object space 162816K, 43% used [0x00000000c0000000,0x00000000c449bf38,0x00000000c9f00000)
 Metaspace       used 59410K, capacity 62023K, committed 62296K, reserved 1103872K
  class space    used 5880K, capacity 6932K, committed 7000K, reserved 1048576K
}
Event: 134.684 GC heap after
{Heap after GC invocations=29 (full 5):
 PSYoungGen      total 43520K, used 4786K [0x00000000eab00000, 0x00000000ede80000, 0x0000000100000000)
  eden space 38400K, 0% used [0x00000000eab00000,0x00000000eab00000,0x00000000ed080000)
  from space 5120K, 93% used [0x00000000ed980000,0x00000000ede2cb98,0x00000000ede80000)
  to   space 6144K, 0% used [0x00000000ed280000,0x00000000ed280000,0x00000000ed880000)
 ParOldGen       total 162816K, used 70263K [0x00000000c0000000, 0x00000000c9f00000, 0x00000000eab00000)
  object space 162816K, 43% used [0x00000000c0000000,0x00000000c449df38,0x00000000c9f00000)
 Metaspace       used 59410K, capacity 62023K, committed 62296K, reserved 1103872K
  class space    used 5880K, capacity 6932K, committed 7000K, reserved 1048576K
}

